<?xml version="1.0" encoding="UTF-8"?>
<testsuite xmlns:xsi="http://www.w3.org/2001/XMLSchema-instance" xsi:noNamespaceSchemaLocation="https://maven.apache.org/surefire/maven-surefire-plugin/xsd/surefire-test-report-3.0.xsd" version="3.0" name="org.opencart.Zones.SeleniumHQ" time="15.088" tests="1" errors="0" skipped="0" failures="0">
  <properties>
    <property name="java.specification.version" value="21"/>
    <property name="sun.jnu.encoding" value="UTF-8"/>
    <property name="java.class.path" value="/Users/testvagrant/Zones/target/test-classes:/Users/testvagrant/Zones/target/classes:/Users/testvagrant/.m2/repository/org/seleniumhq/selenium/selenium-java/4.23.1/selenium-java-4.23.1.jar:/Users/testvagrant/.m2/repository/org/seleniumhq/selenium/selenium-api/4.23.1/selenium-api-4.23.1.jar:/Users/testvagrant/.m2/repository/org/seleniumhq/selenium/selenium-chrome-driver/4.23.1/selenium-chrome-driver-4.23.1.jar:/Users/testvagrant/.m2/repository/com/google/auto/service/auto-service-annotations/1.1.1/auto-service-annotations-1.1.1.jar:/Users/testvagrant/.m2/repository/org/seleniumhq/selenium/selenium-chromium-driver/4.23.1/selenium-chromium-driver-4.23.1.jar:/Users/testvagrant/.m2/repository/org/seleniumhq/selenium/selenium-json/4.23.1/selenium-json-4.23.1.jar:/Users/testvagrant/.m2/repository/org/seleniumhq/selenium/selenium-manager/4.23.1/selenium-manager-4.23.1.jar:/Users/testvagrant/.m2/repository/org/seleniumhq/selenium/selenium-devtools-v125/4.23.1/selenium-devtools-v125-4.23.1.jar:/Users/testvagrant/.m2/repository/org/seleniumhq/selenium/selenium-devtools-v126/4.23.1/selenium-devtools-v126-4.23.1.jar:/Users/testvagrant/.m2/repository/org/seleniumhq/selenium/selenium-devtools-v127/4.23.1/selenium-devtools-v127-4.23.1.jar:/Users/testvagrant/.m2/repository/org/seleniumhq/selenium/selenium-devtools-v85/4.23.1/selenium-devtools-v85-4.23.1.jar:/Users/testvagrant/.m2/repository/org/seleniumhq/selenium/selenium-edge-driver/4.23.1/selenium-edge-driver-4.23.1.jar:/Users/testvagrant/.m2/repository/org/seleniumhq/selenium/selenium-firefox-driver/4.23.1/selenium-firefox-driver-4.23.1.jar:/Users/testvagrant/.m2/repository/org/seleniumhq/selenium/selenium-http/4.23.1/selenium-http-4.23.1.jar:/Users/testvagrant/.m2/repository/dev/failsafe/failsafe/3.3.2/failsafe-3.3.2.jar:/Users/testvagrant/.m2/repository/org/seleniumhq/selenium/selenium-ie-driver/4.23.1/selenium-ie-driver-4.23.1.jar:/Users/testvagrant/.m2/repository/org/seleniumhq/selenium/selenium-remote-driver/4.23.1/selenium-remote-driver-4.23.1.jar:/Users/testvagrant/.m2/repository/com/google/guava/guava/33.2.1-jre/guava-33.2.1-jre.jar:/Users/testvagrant/.m2/repository/com/google/guava/failureaccess/1.0.2/failureaccess-1.0.2.jar:/Users/testvagrant/.m2/repository/com/google/guava/listenablefuture/9999.0-empty-to-avoid-conflict-with-guava/listenablefuture-9999.0-empty-to-avoid-conflict-with-guava.jar:/Users/testvagrant/.m2/repository/com/google/code/findbugs/jsr305/3.0.2/jsr305-3.0.2.jar:/Users/testvagrant/.m2/repository/org/checkerframework/checker-qual/3.42.0/checker-qual-3.42.0.jar:/Users/testvagrant/.m2/repository/com/google/errorprone/error_prone_annotations/2.26.1/error_prone_annotations-2.26.1.jar:/Users/testvagrant/.m2/repository/com/google/j2objc/j2objc-annotations/3.0.0/j2objc-annotations-3.0.0.jar:/Users/testvagrant/.m2/repository/io/opentelemetry/semconv/opentelemetry-semconv/1.25.0-alpha/opentelemetry-semconv-1.25.0-alpha.jar:/Users/testvagrant/.m2/repository/io/opentelemetry/opentelemetry-api/1.40.0/opentelemetry-api-1.40.0.jar:/Users/testvagrant/.m2/repository/io/opentelemetry/opentelemetry-context/1.40.0/opentelemetry-context-1.40.0.jar:/Users/testvagrant/.m2/repository/io/opentelemetry/opentelemetry-exporter-logging/1.40.0/opentelemetry-exporter-logging-1.40.0.jar:/Users/testvagrant/.m2/repository/io/opentelemetry/opentelemetry-sdk-common/1.40.0/opentelemetry-sdk-common-1.40.0.jar:/Users/testvagrant/.m2/repository/io/opentelemetry/opentelemetry-sdk-extension-autoconfigure-spi/1.40.0/opentelemetry-sdk-extension-autoconfigure-spi-1.40.0.jar:/Users/testvagrant/.m2/repository/io/opentelemetry/opentelemetry-sdk-extension-autoconfigure/1.40.0/opentelemetry-sdk-extension-autoconfigure-1.40.0.jar:/Users/testvagrant/.m2/repository/io/opentelemetry/opentelemetry-api-incubator/1.40.0-alpha/opentelemetry-api-incubator-1.40.0-alpha.jar:/Users/testvagrant/.m2/repository/io/opentelemetry/opentelemetry-sdk-trace/1.40.0/opentelemetry-sdk-trace-1.40.0.jar:/Users/testvagrant/.m2/repository/io/opentelemetry/opentelemetry-sdk/1.40.0/opentelemetry-sdk-1.40.0.jar:/Users/testvagrant/.m2/repository/io/opentelemetry/opentelemetry-sdk-metrics/1.40.0/opentelemetry-sdk-metrics-1.40.0.jar:/Users/testvagrant/.m2/repository/io/opentelemetry/opentelemetry-sdk-logs/1.40.0/opentelemetry-sdk-logs-1.40.0.jar:/Users/testvagrant/.m2/repository/net/bytebuddy/byte-buddy/1.14.18/byte-buddy-1.14.18.jar:/Users/testvagrant/.m2/repository/org/seleniumhq/selenium/selenium-os/4.23.1/selenium-os-4.23.1.jar:/Users/testvagrant/.m2/repository/org/apache/commons/commons-exec/1.4.0/commons-exec-1.4.0.jar:/Users/testvagrant/.m2/repository/org/seleniumhq/selenium/selenium-safari-driver/4.23.1/selenium-safari-driver-4.23.1.jar:/Users/testvagrant/.m2/repository/org/seleniumhq/selenium/selenium-support/4.23.1/selenium-support-4.23.1.jar:/Users/testvagrant/.m2/repository/junit/junit/4.13.2/junit-4.13.2.jar:/Users/testvagrant/.m2/repository/io/rest-assured/rest-assured/5.3.0/rest-assured-5.3.0.jar:/Users/testvagrant/.m2/repository/org/apache/groovy/groovy/4.0.6/groovy-4.0.6.jar:/Users/testvagrant/.m2/repository/org/apache/groovy/groovy-xml/4.0.6/groovy-xml-4.0.6.jar:/Users/testvagrant/.m2/repository/org/apache/httpcomponents/httpclient/4.5.13/httpclient-4.5.13.jar:/Users/testvagrant/.m2/repository/org/apache/httpcomponents/httpcore/4.4.13/httpcore-4.4.13.jar:/Users/testvagrant/.m2/repository/commons-logging/commons-logging/1.2/commons-logging-1.2.jar:/Users/testvagrant/.m2/repository/org/apache/httpcomponents/httpmime/4.5.13/httpmime-4.5.13.jar:/Users/testvagrant/.m2/repository/org/hamcrest/hamcrest/2.1/hamcrest-2.1.jar:/Users/testvagrant/.m2/repository/org/ccil/cowan/tagsoup/tagsoup/1.2.1/tagsoup-1.2.1.jar:/Users/testvagrant/.m2/repository/io/rest-assured/json-path/5.3.0/json-path-5.3.0.jar:/Users/testvagrant/.m2/repository/org/apache/groovy/groovy-json/4.0.6/groovy-json-4.0.6.jar:/Users/testvagrant/.m2/repository/io/rest-assured/rest-assured-common/5.3.0/rest-assured-common-5.3.0.jar:/Users/testvagrant/.m2/repository/io/rest-assured/xml-path/5.3.0/xml-path-5.3.0.jar:/Users/testvagrant/.m2/repository/org/apache/poi/poi/5.2.3/poi-5.2.3.jar:/Users/testvagrant/.m2/repository/commons-codec/commons-codec/1.15/commons-codec-1.15.jar:/Users/testvagrant/.m2/repository/org/apache/commons/commons-collections4/4.4/commons-collections4-4.4.jar:/Users/testvagrant/.m2/repository/org/apache/commons/commons-math3/3.6.1/commons-math3-3.6.1.jar:/Users/testvagrant/.m2/repository/commons-io/commons-io/2.11.0/commons-io-2.11.0.jar:/Users/testvagrant/.m2/repository/com/zaxxer/SparseBitSet/1.2/SparseBitSet-1.2.jar:/Users/testvagrant/.m2/repository/org/apache/logging/log4j/log4j-api/2.18.0/log4j-api-2.18.0.jar:/Users/testvagrant/.m2/repository/org/apache/logging/log4j/log4j-core/2.20.0/log4j-core-2.20.0.jar:/Users/testvagrant/.m2/repository/org/slf4j/slf4j-api/2.0.9/slf4j-api-2.0.9.jar:/Users/testvagrant/.m2/repository/ch/qos/logback/logback-classic/1.4.9/logback-classic-1.4.9.jar:/Users/testvagrant/.m2/repository/ch/qos/logback/logback-core/1.4.9/logback-core-1.4.9.jar:/Users/testvagrant/.m2/repository/io/github/bonigarcia/webdrivermanager/5.7.0/webdrivermanager-5.7.0.jar:/Users/testvagrant/.m2/repository/com/google/code/gson/gson/2.10.1/gson-2.10.1.jar:/Users/testvagrant/.m2/repository/com/github/docker-java/docker-java/3.3.5/docker-java-3.3.5.jar:/Users/testvagrant/.m2/repository/com/github/docker-java/docker-java-core/3.3.5/docker-java-core-3.3.5.jar:/Users/testvagrant/.m2/repository/com/github/docker-java/docker-java-api/3.3.5/docker-java-api-3.3.5.jar:/Users/testvagrant/.m2/repository/com/fasterxml/jackson/core/jackson-annotations/2.10.3/jackson-annotations-2.10.3.jar:/Users/testvagrant/.m2/repository/com/fasterxml/jackson/core/jackson-databind/2.10.3/jackson-databind-2.10.3.jar:/Users/testvagrant/.m2/repository/com/fasterxml/jackson/core/jackson-core/2.10.3/jackson-core-2.10.3.jar:/Users/testvagrant/.m2/repository/org/bouncycastle/bcpkix-jdk18on/1.76/bcpkix-jdk18on-1.76.jar:/Users/testvagrant/.m2/repository/org/bouncycastle/bcprov-jdk18on/1.76/bcprov-jdk18on-1.76.jar:/Users/testvagrant/.m2/repository/org/bouncycastle/bcutil-jdk18on/1.76/bcutil-jdk18on-1.76.jar:/Users/testvagrant/.m2/repository/org/slf4j/jcl-over-slf4j/1.7.30/jcl-over-slf4j-1.7.30.jar:/Users/testvagrant/.m2/repository/com/github/docker-java/docker-java-transport-httpclient5/3.3.5/docker-java-transport-httpclient5-3.3.5.jar:/Users/testvagrant/.m2/repository/com/github/docker-java/docker-java-transport/3.3.5/docker-java-transport-3.3.5.jar:/Users/testvagrant/.m2/repository/net/java/dev/jna/jna/5.13.0/jna-5.13.0.jar:/Users/testvagrant/.m2/repository/org/brotli/dec/0.1.2/dec-0.1.2.jar:/Users/testvagrant/.m2/repository/org/apache/commons/commons-lang3/3.14.0/commons-lang3-3.14.0.jar:/Users/testvagrant/.m2/repository/org/apache/commons/commons-compress/1.26.0/commons-compress-1.26.0.jar:/Users/testvagrant/.m2/repository/org/apache/httpcomponents/client5/httpclient5/5.2.1/httpclient5-5.2.1.jar:/Users/testvagrant/.m2/repository/org/apache/httpcomponents/core5/httpcore5/5.2/httpcore5-5.2.jar:/Users/testvagrant/.m2/repository/org/apache/httpcomponents/core5/httpcore5-h2/5.2/httpcore5-h2-5.2.jar:/Users/testvagrant/.m2/repository/org/hamcrest/hamcrest-core/2.2/hamcrest-core-2.2.jar:/Users/testvagrant/.m2/repository/org/hamcrest/hamcrest-library/2.2/hamcrest-library-2.2.jar:/Users/testvagrant/.m2/repository/org/testng/testng/7.8.0/testng-7.8.0.jar:/Users/testvagrant/.m2/repository/com/beust/jcommander/1.82/jcommander-1.82.jar:/Users/testvagrant/.m2/repository/org/webjars/jquery/3.6.1/jquery-3.6.1.jar:"/>
    <property name="java.vm.vendor" value="Eclipse Adoptium"/>
    <property name="sun.arch.data.model" value="64"/>
    <property name="java.vendor.url" value="https://adoptium.net/"/>
    <property name="user.timezone" value="Asia/Kolkata"/>
    <property name="os.name" value="Mac OS X"/>
    <property name="java.vm.specification.version" value="21"/>
    <property name="user.country" value="IN"/>
    <property name="sun.java.launcher" value="SUN_STANDARD"/>
    <property name="sun.boot.library.path" value="/Library/Java/JavaVirtualMachines/temurin-21.jdk/Contents/Home/lib"/>
    <property name="sun.java.command" value="/Users/testvagrant/Zones/target/surefire/surefirebooter-20240820111247805_3.jar /Users/testvagrant/Zones/target/surefire 2024-08-20T11-12-47_757-jvmRun1 surefire-20240820111247805_1tmp surefire_0-20240820111247805_2tmp"/>
    <property name="http.nonProxyHosts" value="local|*.local|169.254/16|*.169.254/16"/>
    <property name="jdk.debug" value="release"/>
    <property name="test" value="org.opencart.Zones.SeleniumHQ"/>
    <property name="surefire.test.class.path" value="/Users/testvagrant/Zones/target/test-classes:/Users/testvagrant/Zones/target/classes:/Users/testvagrant/.m2/repository/org/seleniumhq/selenium/selenium-java/4.23.1/selenium-java-4.23.1.jar:/Users/testvagrant/.m2/repository/org/seleniumhq/selenium/selenium-api/4.23.1/selenium-api-4.23.1.jar:/Users/testvagrant/.m2/repository/org/seleniumhq/selenium/selenium-chrome-driver/4.23.1/selenium-chrome-driver-4.23.1.jar:/Users/testvagrant/.m2/repository/com/google/auto/service/auto-service-annotations/1.1.1/auto-service-annotations-1.1.1.jar:/Users/testvagrant/.m2/repository/org/seleniumhq/selenium/selenium-chromium-driver/4.23.1/selenium-chromium-driver-4.23.1.jar:/Users/testvagrant/.m2/repository/org/seleniumhq/selenium/selenium-json/4.23.1/selenium-json-4.23.1.jar:/Users/testvagrant/.m2/repository/org/seleniumhq/selenium/selenium-manager/4.23.1/selenium-manager-4.23.1.jar:/Users/testvagrant/.m2/repository/org/seleniumhq/selenium/selenium-devtools-v125/4.23.1/selenium-devtools-v125-4.23.1.jar:/Users/testvagrant/.m2/repository/org/seleniumhq/selenium/selenium-devtools-v126/4.23.1/selenium-devtools-v126-4.23.1.jar:/Users/testvagrant/.m2/repository/org/seleniumhq/selenium/selenium-devtools-v127/4.23.1/selenium-devtools-v127-4.23.1.jar:/Users/testvagrant/.m2/repository/org/seleniumhq/selenium/selenium-devtools-v85/4.23.1/selenium-devtools-v85-4.23.1.jar:/Users/testvagrant/.m2/repository/org/seleniumhq/selenium/selenium-edge-driver/4.23.1/selenium-edge-driver-4.23.1.jar:/Users/testvagrant/.m2/repository/org/seleniumhq/selenium/selenium-firefox-driver/4.23.1/selenium-firefox-driver-4.23.1.jar:/Users/testvagrant/.m2/repository/org/seleniumhq/selenium/selenium-http/4.23.1/selenium-http-4.23.1.jar:/Users/testvagrant/.m2/repository/dev/failsafe/failsafe/3.3.2/failsafe-3.3.2.jar:/Users/testvagrant/.m2/repository/org/seleniumhq/selenium/selenium-ie-driver/4.23.1/selenium-ie-driver-4.23.1.jar:/Users/testvagrant/.m2/repository/org/seleniumhq/selenium/selenium-remote-driver/4.23.1/selenium-remote-driver-4.23.1.jar:/Users/testvagrant/.m2/repository/com/google/guava/guava/33.2.1-jre/guava-33.2.1-jre.jar:/Users/testvagrant/.m2/repository/com/google/guava/failureaccess/1.0.2/failureaccess-1.0.2.jar:/Users/testvagrant/.m2/repository/com/google/guava/listenablefuture/9999.0-empty-to-avoid-conflict-with-guava/listenablefuture-9999.0-empty-to-avoid-conflict-with-guava.jar:/Users/testvagrant/.m2/repository/com/google/code/findbugs/jsr305/3.0.2/jsr305-3.0.2.jar:/Users/testvagrant/.m2/repository/org/checkerframework/checker-qual/3.42.0/checker-qual-3.42.0.jar:/Users/testvagrant/.m2/repository/com/google/errorprone/error_prone_annotations/2.26.1/error_prone_annotations-2.26.1.jar:/Users/testvagrant/.m2/repository/com/google/j2objc/j2objc-annotations/3.0.0/j2objc-annotations-3.0.0.jar:/Users/testvagrant/.m2/repository/io/opentelemetry/semconv/opentelemetry-semconv/1.25.0-alpha/opentelemetry-semconv-1.25.0-alpha.jar:/Users/testvagrant/.m2/repository/io/opentelemetry/opentelemetry-api/1.40.0/opentelemetry-api-1.40.0.jar:/Users/testvagrant/.m2/repository/io/opentelemetry/opentelemetry-context/1.40.0/opentelemetry-context-1.40.0.jar:/Users/testvagrant/.m2/repository/io/opentelemetry/opentelemetry-exporter-logging/1.40.0/opentelemetry-exporter-logging-1.40.0.jar:/Users/testvagrant/.m2/repository/io/opentelemetry/opentelemetry-sdk-common/1.40.0/opentelemetry-sdk-common-1.40.0.jar:/Users/testvagrant/.m2/repository/io/opentelemetry/opentelemetry-sdk-extension-autoconfigure-spi/1.40.0/opentelemetry-sdk-extension-autoconfigure-spi-1.40.0.jar:/Users/testvagrant/.m2/repository/io/opentelemetry/opentelemetry-sdk-extension-autoconfigure/1.40.0/opentelemetry-sdk-extension-autoconfigure-1.40.0.jar:/Users/testvagrant/.m2/repository/io/opentelemetry/opentelemetry-api-incubator/1.40.0-alpha/opentelemetry-api-incubator-1.40.0-alpha.jar:/Users/testvagrant/.m2/repository/io/opentelemetry/opentelemetry-sdk-trace/1.40.0/opentelemetry-sdk-trace-1.40.0.jar:/Users/testvagrant/.m2/repository/io/opentelemetry/opentelemetry-sdk/1.40.0/opentelemetry-sdk-1.40.0.jar:/Users/testvagrant/.m2/repository/io/opentelemetry/opentelemetry-sdk-metrics/1.40.0/opentelemetry-sdk-metrics-1.40.0.jar:/Users/testvagrant/.m2/repository/io/opentelemetry/opentelemetry-sdk-logs/1.40.0/opentelemetry-sdk-logs-1.40.0.jar:/Users/testvagrant/.m2/repository/net/bytebuddy/byte-buddy/1.14.18/byte-buddy-1.14.18.jar:/Users/testvagrant/.m2/repository/org/seleniumhq/selenium/selenium-os/4.23.1/selenium-os-4.23.1.jar:/Users/testvagrant/.m2/repository/org/apache/commons/commons-exec/1.4.0/commons-exec-1.4.0.jar:/Users/testvagrant/.m2/repository/org/seleniumhq/selenium/selenium-safari-driver/4.23.1/selenium-safari-driver-4.23.1.jar:/Users/testvagrant/.m2/repository/org/seleniumhq/selenium/selenium-support/4.23.1/selenium-support-4.23.1.jar:/Users/testvagrant/.m2/repository/junit/junit/4.13.2/junit-4.13.2.jar:/Users/testvagrant/.m2/repository/io/rest-assured/rest-assured/5.3.0/rest-assured-5.3.0.jar:/Users/testvagrant/.m2/repository/org/apache/groovy/groovy/4.0.6/groovy-4.0.6.jar:/Users/testvagrant/.m2/repository/org/apache/groovy/groovy-xml/4.0.6/groovy-xml-4.0.6.jar:/Users/testvagrant/.m2/repository/org/apache/httpcomponents/httpclient/4.5.13/httpclient-4.5.13.jar:/Users/testvagrant/.m2/repository/org/apache/httpcomponents/httpcore/4.4.13/httpcore-4.4.13.jar:/Users/testvagrant/.m2/repository/commons-logging/commons-logging/1.2/commons-logging-1.2.jar:/Users/testvagrant/.m2/repository/org/apache/httpcomponents/httpmime/4.5.13/httpmime-4.5.13.jar:/Users/testvagrant/.m2/repository/org/hamcrest/hamcrest/2.1/hamcrest-2.1.jar:/Users/testvagrant/.m2/repository/org/ccil/cowan/tagsoup/tagsoup/1.2.1/tagsoup-1.2.1.jar:/Users/testvagrant/.m2/repository/io/rest-assured/json-path/5.3.0/json-path-5.3.0.jar:/Users/testvagrant/.m2/repository/org/apache/groovy/groovy-json/4.0.6/groovy-json-4.0.6.jar:/Users/testvagrant/.m2/repository/io/rest-assured/rest-assured-common/5.3.0/rest-assured-common-5.3.0.jar:/Users/testvagrant/.m2/repository/io/rest-assured/xml-path/5.3.0/xml-path-5.3.0.jar:/Users/testvagrant/.m2/repository/org/apache/poi/poi/5.2.3/poi-5.2.3.jar:/Users/testvagrant/.m2/repository/commons-codec/commons-codec/1.15/commons-codec-1.15.jar:/Users/testvagrant/.m2/repository/org/apache/commons/commons-collections4/4.4/commons-collections4-4.4.jar:/Users/testvagrant/.m2/repository/org/apache/commons/commons-math3/3.6.1/commons-math3-3.6.1.jar:/Users/testvagrant/.m2/repository/commons-io/commons-io/2.11.0/commons-io-2.11.0.jar:/Users/testvagrant/.m2/repository/com/zaxxer/SparseBitSet/1.2/SparseBitSet-1.2.jar:/Users/testvagrant/.m2/repository/org/apache/logging/log4j/log4j-api/2.18.0/log4j-api-2.18.0.jar:/Users/testvagrant/.m2/repository/org/apache/logging/log4j/log4j-core/2.20.0/log4j-core-2.20.0.jar:/Users/testvagrant/.m2/repository/org/slf4j/slf4j-api/2.0.9/slf4j-api-2.0.9.jar:/Users/testvagrant/.m2/repository/ch/qos/logback/logback-classic/1.4.9/logback-classic-1.4.9.jar:/Users/testvagrant/.m2/repository/ch/qos/logback/logback-core/1.4.9/logback-core-1.4.9.jar:/Users/testvagrant/.m2/repository/io/github/bonigarcia/webdrivermanager/5.7.0/webdrivermanager-5.7.0.jar:/Users/testvagrant/.m2/repository/com/google/code/gson/gson/2.10.1/gson-2.10.1.jar:/Users/testvagrant/.m2/repository/com/github/docker-java/docker-java/3.3.5/docker-java-3.3.5.jar:/Users/testvagrant/.m2/repository/com/github/docker-java/docker-java-core/3.3.5/docker-java-core-3.3.5.jar:/Users/testvagrant/.m2/repository/com/github/docker-java/docker-java-api/3.3.5/docker-java-api-3.3.5.jar:/Users/testvagrant/.m2/repository/com/fasterxml/jackson/core/jackson-annotations/2.10.3/jackson-annotations-2.10.3.jar:/Users/testvagrant/.m2/repository/com/fasterxml/jackson/core/jackson-databind/2.10.3/jackson-databind-2.10.3.jar:/Users/testvagrant/.m2/repository/com/fasterxml/jackson/core/jackson-core/2.10.3/jackson-core-2.10.3.jar:/Users/testvagrant/.m2/repository/org/bouncycastle/bcpkix-jdk18on/1.76/bcpkix-jdk18on-1.76.jar:/Users/testvagrant/.m2/repository/org/bouncycastle/bcprov-jdk18on/1.76/bcprov-jdk18on-1.76.jar:/Users/testvagrant/.m2/repository/org/bouncycastle/bcutil-jdk18on/1.76/bcutil-jdk18on-1.76.jar:/Users/testvagrant/.m2/repository/org/slf4j/jcl-over-slf4j/1.7.30/jcl-over-slf4j-1.7.30.jar:/Users/testvagrant/.m2/repository/com/github/docker-java/docker-java-transport-httpclient5/3.3.5/docker-java-transport-httpclient5-3.3.5.jar:/Users/testvagrant/.m2/repository/com/github/docker-java/docker-java-transport/3.3.5/docker-java-transport-3.3.5.jar:/Users/testvagrant/.m2/repository/net/java/dev/jna/jna/5.13.0/jna-5.13.0.jar:/Users/testvagrant/.m2/repository/org/brotli/dec/0.1.2/dec-0.1.2.jar:/Users/testvagrant/.m2/repository/org/apache/commons/commons-lang3/3.14.0/commons-lang3-3.14.0.jar:/Users/testvagrant/.m2/repository/org/apache/commons/commons-compress/1.26.0/commons-compress-1.26.0.jar:/Users/testvagrant/.m2/repository/org/apache/httpcomponents/client5/httpclient5/5.2.1/httpclient5-5.2.1.jar:/Users/testvagrant/.m2/repository/org/apache/httpcomponents/core5/httpcore5/5.2/httpcore5-5.2.jar:/Users/testvagrant/.m2/repository/org/apache/httpcomponents/core5/httpcore5-h2/5.2/httpcore5-h2-5.2.jar:/Users/testvagrant/.m2/repository/org/hamcrest/hamcrest-core/2.2/hamcrest-core-2.2.jar:/Users/testvagrant/.m2/repository/org/hamcrest/hamcrest-library/2.2/hamcrest-library-2.2.jar:/Users/testvagrant/.m2/repository/org/testng/testng/7.8.0/testng-7.8.0.jar:/Users/testvagrant/.m2/repository/com/beust/jcommander/1.82/jcommander-1.82.jar:/Users/testvagrant/.m2/repository/org/webjars/jquery/3.6.1/jquery-3.6.1.jar:"/>
    <property name="sun.cpu.endian" value="little"/>
    <property name="user.home" value="/Users/testvagrant"/>
    <property name="user.language" value="en"/>
    <property name="java.specification.vendor" value="Oracle Corporation"/>
    <property name="java.version.date" value="2024-07-16"/>
    <property name="java.home" value="/Library/Java/JavaVirtualMachines/temurin-21.jdk/Contents/Home"/>
    <property name="file.separator" value="/"/>
    <property name="basedir" value="/Users/testvagrant/Zones"/>
    <property name="java.vm.compressedOopsMode" value="Zero based"/>
    <property name="line.separator" value="&#10;"/>
    <property name="java.vm.specification.vendor" value="Oracle Corporation"/>
    <property name="java.specification.name" value="Java Platform API Specification"/>
    <property name="apple.awt.application.name" value="ForkedBooter"/>
    <property name="surefire.real.class.path" value="/Users/testvagrant/Zones/target/surefire/surefirebooter-20240820111247805_3.jar"/>
    <property name="sun.management.compiler" value="HotSpot 64-Bit Tiered Compilers"/>
    <property name="ftp.nonProxyHosts" value="local|*.local|169.254/16|*.169.254/16"/>
    <property name="java.runtime.version" value="21.0.4+7-LTS"/>
    <property name="user.name" value="testvagrant"/>
    <property name="stdout.encoding" value="UTF-8"/>
    <property name="path.separator" value=":"/>
    <property name="os.version" value="14.5"/>
    <property name="java.runtime.name" value="OpenJDK Runtime Environment"/>
    <property name="file.encoding" value="UTF-8"/>
    <property name="java.vm.name" value="OpenJDK 64-Bit Server VM"/>
    <property name="java.vendor.version" value="Temurin-21.0.4+7"/>
    <property name="maven.ext.class.path" value="/Users/testvagrant/.vscode/extensions/oracle.oracle-java-22.1.1/nbcode/java/maven-nblib/netbeans-eventspy.jar"/>
    <property name="localRepository" value="/Users/testvagrant/.m2/repository"/>
    <property name="java.vendor.url.bug" value="https://github.com/adoptium/adoptium-support/issues"/>
    <property name="java.io.tmpdir" value="/var/folders/t2/12cvkmln5yd2bnrmp8grl9sm0000gn/T/"/>
    <property name="java.version" value="21.0.4"/>
    <property name="user.dir" value="/Users/testvagrant/Zones"/>
    <property name="os.arch" value="aarch64"/>
    <property name="webdriver.gecko.driver" value="/Users/testvagrant/.cache/selenium/geckodriver/mac-arm64/0.35.0/geckodriver"/>
    <property name="java.vm.specification.name" value="Java Virtual Machine Specification"/>
    <property name="native.encoding" value="UTF-8"/>
    <property name="java.library.path" value="/Users/testvagrant/Library/Java/Extensions:/Library/Java/Extensions:/Network/Library/Java/Extensions:/System/Library/Java/Extensions:/usr/lib/java:."/>
    <property name="java.vm.info" value="mixed mode"/>
    <property name="stderr.encoding" value="UTF-8"/>
    <property name="java.vendor" value="Eclipse Adoptium"/>
    <property name="java.vm.version" value="21.0.4+7-LTS"/>
    <property name="sun.io.unicode.encoding" value="UnicodeBig"/>
    <property name="socksNonProxyHosts" value="local|*.local|169.254/16|*.169.254/16"/>
    <property name="java.class.version" value="65.0"/>
  </properties>
  <testcase name="testPullRequestTitles" classname="org.opencart.Zones.SeleniumHQ" time="4.527">
    <system-out><![CDATA[11:12:48.360 [main] DEBUG io.github.bonigarcia.wdm.WebDriverManager -- Using WebDriverManager 5.7.0
11:12:48.614 [main] DEBUG io.github.bonigarcia.wdm.cache.ResolutionCache -- Resolution firefox=129 in cache (valid until 11:57:10 20/08/2024 IST)
11:12:48.615 [main] DEBUG io.github.bonigarcia.wdm.cache.ResolutionCache -- Resolution firefox129=0.35.0 in cache (valid until 10:57:10 21/08/2024 IST)
11:12:48.615 [main] INFO io.github.bonigarcia.wdm.WebDriverManager -- Using geckodriver 0.35.0 (resolved driver for Firefox 129)
11:12:48.631 [main] DEBUG io.github.bonigarcia.wdm.WebDriverManager -- Driver geckodriver 0.35.0 found in cache
11:12:48.631 [main] INFO io.github.bonigarcia.wdm.WebDriverManager -- Exporting webdriver.gecko.driver as /Users/testvagrant/.cache/selenium/geckodriver/mac-arm64/0.35.0/geckodriver
Property github.selenium.url: https://github.com/SeleniumHQ/selenium
Property screenshot.path: /Users/testvagrant/Zones/target/maven-archiver/Screenshots
Screenshot saved to: /Users/testvagrant/Zones/target/maven-archiver/Screenshots/initial_page.png
Pull request titles on page 1:
[dotnet][rb][java][js][py] Automated Browser Version Update
[grid] limit the number of websocket connections per session
[grid] enable the httpclient to perform async requests #14403
[java] JSpecify annotations for capabilities
[java] JSpecify annotations for wrappers
[java] JSpecify annotations for immutable models and enums
[bidi][js] Allow passing in uri for authentication handlers
chore(deps): update dependency mocha to v10.7.3
[rust] Selenium Manager errors when browser-path is wrong (#13352)
[ci] Use a tag to figure out what we might want to release
[py] Support move_to_location on action_chains
[java] JSpecify annotations for By locators
New Expected Condition elements_not_overlapping
Fixed bug #13642 related to relative locators
[bidi][java] Add execute script high-level API
[dotnet] BiDi implementation
[py] moved project metadata from setup.py to pyproject.toml
[py] Getting rid of MANIFEST.in file by moving non-default file info to pyproject.toml
Update remote_connection.py to allow proxy_url argument
[py] fix incompatible types in url_to_be() function
Add ENV variables for path
[py] fixed a bug in bidi/session.py by removing mutable object as default value for function argument.
Add timeout and tests for curb, also added the gem curb that was not part of selenium
[rb] create user-friendly method for enabling bidi
[py] Typing package import enhancement
Property screenshot.path: /Users/testvagrant/Zones/target/maven-archiver/Screenshots
Screenshot saved to: /Users/testvagrant/Zones/target/maven-archiver/Screenshots/page_1.png
Pull request titles on page 2:
[py] fix docs to use build instead of update in python
[py] Feature 12760 for python service properties
[py] moved isort, black and docformatter settings from tox.ini file to pyproject.toml
[py] moved flake8 and pytest config settings from setup.cfg to pyproject.toml
[py] moved all pytest configuration settings from pytest.ini file to pyproject.toml
[py] moved mypy settings from mypy.ini to pyproject.toml
[dotnet] ability to create tests using mocked driver
fix: a.tagName.toUpperCase is not a function error if a form with an input element named tagName
Update Ruby BiDi script structs to match spec (as of 2024-07-08)
[java] remove unused code from ErrorHandler
Cleaned up Py doc sphinx warnings/errors and added README
Deps: bumps ws version which patches a security vulnerability
[java] increasing of properties scope for better appium compatibility
fix(deps): update rust crate reqwest to v0.12.7
Fix typing in remote webdriver
chore(deps): update dependency @testing-library/jest-dom to v6.4.8
fix(deps): update dependency @apollo/client to v3.11.4
[java] case insensitive header names in http requests
[rb] implement navigation commands with BiDi
Add clickDialogButton methods for FedCM
Fix FedCM command definition
[dotnet] implement WebDriver BiDi with WebDriverBiDi dependency
chore(deps): update dependency eslint-plugin-n to v17.10.2
chore(deps): update dependency esbuild to v0.23.1
Update dependency Sphinx to v1.8.6 - abandoned
Property screenshot.path: /Users/testvagrant/Zones/target/maven-archiver/Screenshots
Screenshot saved to: /Users/testvagrant/Zones/target/maven-archiver/Screenshots/page_2.png
Pull request titles on page 3:
really drop python<=3.7 support
[java] remove guava from client bindings #12737
fix: For security purposes, remove the output of Capabilities information from the logs.
[py] Format the code using black
[grid] Support Grid custom capability mutators
[dotnet] Added function for sending multiple DevTools command
Copyright dotnet
POC: Porting Classic commands to BiDi in JS
[dotnet] Make some classes in internal folder as really to be internal
[py] implement configurable configuration class for the http client
update proxyType values to match w3c spec
[java] POC: Porting WebDriver classic command to BiDi
[bot] Determine more reliably if node has shadow DOM
[dotnet] remove non-w3c compliant capability code
Create Client config class for http client values
[rb] implement downloading grid with Selenium Manager
[rb][bidi] network module events
[rb][BiDi] Add Script module commands and types
[wip][py] Expose browser specific functionalities for remote webdrivers
Property screenshot.path: /Users/testvagrant/Zones/target/maven-archiver/Screenshots
Screenshot saved to: /Users/testvagrant/Zones/target/maven-archiver/Screenshots/page_3.png
No more pages to navigate.
]]></system-out>
  </testcase>
</testsuite>