<?xml version="1.0" encoding="UTF-8"?>
<!-- Generated by org.testng.reporters.JUnitReportReporter -->
<testsuite hostname="TestVagrants-MacBook-Pro.local" failures="0" tests="1" name="org.opencart.Zones.APITest" time="0.982" errors="0" timestamp="2024-08-12T10:42:05 IST" skipped="0">
  <testcase classname="org.opencart.Zones.APITest" name="testGetRequest" time="0.982"/>
</testsuite> <!-- org.opencart.Zones.APITest -->
