<?xml version="1.0" encoding="UTF-8"?>
<!-- Generated by org.testng.reporters.JUnitReportReporter -->
<testsuite hostname="TestVagrants-MacBook-Pro.local" failures="0" tests="1" name="org.opencart.Zones.GitlabEvents" time="1.654" errors="0" timestamp="2024-08-20T10:43:40 IST" skipped="0">
  <testcase classname="org.opencart.Zones.GitlabEvents" name="testEventDates" time="1.654"/>
</testsuite> <!-- org.opencart.Zones.GitlabEvents -->
