<?xml version="1.0" encoding="UTF-8"?>
<!-- Generated by org.testng.reporters.JUnitReportReporter -->
<testsuite hostname="TestVagrants-MacBook-Pro.local" failures="0" tests="1" name="org.opencart.Zones.SeleniumHQ" time="4.519" errors="0" timestamp="2024-08-20T11:13:03 IST" skipped="0">
  <testcase classname="org.opencart.Zones.SeleniumHQ" name="testPullRequestTitles" time="4.519"/>
</testsuite> <!-- org.opencart.Zones.SeleniumHQ -->
