<?xml version="1.0" encoding="UTF-8"?>
<!-- Generated by org.testng.reporters.JUnitReportReporter -->
<testsuite hostname="TestVagrants-MacBook-Pro.local" failures="0" tests="1" name="org.opencart.Zones.GitlabEvents" time="10.909" errors="0" timestamp="2024-08-13T14:20:37 IST" skipped="0">
  <testcase classname="org.opencart.Zones.GitlabEvents" name="testEventDates" time="10.909"/>
</testsuite> <!-- org.opencart.Zones.GitlabEvents -->
